<?xml version="1.0" encoding="UTF-8"?>
<testng-results ignored="0" total="2" passed="2" failed="0" skipped="0">
  <reporter-output>
  </reporter-output>
  <suite started-at="2023-11-10T14:36:37 IST" name="Default suite" finished-at="2023-11-10T14:36:44 IST" duration-ms="7178">
    <groups>
    </groups>
    <test started-at="2023-11-10T14:36:37 IST" name="Default test" finished-at="2023-11-10T14:36:44 IST" duration-ms="7178">
      <class name="restassureScripts.Assignment005Demo">
        <test-method signature="assignment005FindByStatus()[pri:49, instance:restassureScripts.Assignment005Demo@342c38f8]" started-at="2023-11-10T14:36:37 IST" name="assignment005FindByStatus" finished-at="2023-11-10T14:36:41 IST" duration-ms="4374" status="PASS">
          <reporter-output>
          </reporter-output>
        </test-method> <!-- assignment005FindByStatus -->
        <test-method signature="assignment006Logout()[pri:50, instance:restassureScripts.Assignment005Demo@342c38f8]" started-at="2023-11-10T14:36:41 IST" name="assignment006Logout" finished-at="2023-11-10T14:36:44 IST" duration-ms="2768" status="PASS">
          <reporter-output>
          </reporter-output>
        </test-method> <!-- assignment006Logout -->
      </class> <!-- restassureScripts.Assignment005Demo -->
    </test> <!-- Default test -->
  </suite> <!-- Default suite -->
</testng-results>
